# BEG JAVA CLASSES 2015-05-06 09:49:18.127000 #
1 ConditionEra
2 ConditionOccurrence
3 Encounter
4 Location
5 ObservationFact
6 ObservationPeriod
7 OrderFact
8 Person
9 PersonAssoc
10 PersonBirth
11 PersonDeath
12 PersonEducation
13 PersonEthnicity
14 PersonExtid
15 PersonGender
16 PersonLanguage
17 PersonLctn
18 PersonMarital
19 PersonName
20 PersonRace
21 PersonReligion
22 PersonVital
23 ProcedureOccurrence
24 Protocol
25 ProtocolConsent
26 ProtocolDx
27 Provider
28 SchemaVersion
29 Specimen
30 SpecimenEvent
31 SpecimenExtid
# END JAVA CLASSES 2015-05-06 09:49:18.143000 #

# BEG JAVA FIELDS 2015-05-06 09:49:18.143000 #
1 ConditionEra String conditionCid
2 ConditionEra Date conditionEraEndDt
3 ConditionEra Date conditionEraStartDt
4 ConditionEra BigDecimal conditionNmspcId
5 ConditionEra BigDecimal conditionOccurrenceCnt
6 ConditionEra String conditionTypeCid
7 ConditionEra String personCompositeId
8 ConditionEra BigDecimal personId
9_PK ConditionEra long conditonEraId
10_PK ConditionEra long datasetId
11 ConditionOccurrence String conditionCid
12 ConditionOccurrence Date conditionEndDt
13 ConditionOccurrence BigDecimal conditionNmspcId
14 ConditionOccurrence BigDecimal conditionOccurrenceCnt
15 ConditionOccurrence Date conditionStartDt
16 ConditionOccurrence String conditionTypeCid
17 ConditionOccurrence BigDecimal datasourceNmspcId
18 ConditionOccurrence BigDecimal conditonEraId
19 ConditionOccurrence BigDecimal encounterId
20 ConditionOccurrence String personCompositeId
21 ConditionOccurrence BigDecimal personId
22 ConditionOccurrence BigDecimal providerId
23_PK ConditionOccurrence long conditionOccurrenceId
24_PK ConditionOccurrence long datasetId
25 Encounter BigDecimal admissionDay
26 Encounter Date admissionDts
27 Encounter BigDecimal admissionMon
28 Encounter BigDecimal admissionYr
29 Encounter String admitSourceCid
30 Encounter BigDecimal admitSourceNmspcId
31 Encounter String admitTypeCid
32 Encounter BigDecimal admitTypeNmspcId
33 Encounter BigDecimal datasourceNmspcId
34 Encounter BigDecimal dischargeDay
35 Encounter Date dischargeDts
36 Encounter BigDecimal dischargeMon
37 Encounter BigDecimal dischargeYr
38 Encounter String facilityCid
39 Encounter BigDecimal facilityNmspcId
40 Encounter String personCompositeId
41 Encounter BigDecimal personId
42 Encounter String hospitalServiceCid
43 Encounter BigDecimal hospitalServiceNmspcId
44 Encounter BigDecimal lengthOfStay
45 Encounter String lengthOfStayUnitsCid
46 Encounter BigDecimal lengthOfStayUnitsNmspcId
47 Encounter String patientClassCid
48 Encounter BigDecimal patientClassNmspcId
49 Encounter String patientTypeCid
50 Encounter BigDecimal patientTypeNmspcId
51_PK Encounter long encounterId
52_PK Encounter long datasetId
53 Location Date endDt
54 Location String locationCompositeId
55 Location String lctnComponentCid
56 Location BigDecimal lctnComponentNmspcId
57 Location String lctnComponentValue
58 Location BigDecimal lctnGroupId
59 Location BigDecimal lctnGroupOrder
60 Location String lctnTypeCid
61 Location BigDecimal lctnTypeNmspcId
62 Location Date startDt
63_PK Location long locationId
64_PK Location long datasetId
65 ObservationFact BigDecimal datasourceNmspcId
66 ObservationFact Date endDts
67 ObservationFact BigDecimal encounterId
68 ObservationFact BigDecimal observationPeriodId
69 ObservationFact BigDecimal orderId
70 ObservationFact String personCompositeId
71 ObservationFact BigDecimal personId
72 ObservationFact String methodCid
73 ObservationFact BigDecimal methodNmspcId
74 ObservationFact String observationCid
75 ObservationFact String observationFlag
76 ObservationFact BigDecimal observationFlagNmspcId
77 ObservationFact String observationModCid
78 ObservationFact BigDecimal observationModNmspcId
79 ObservationFact BigDecimal observationNmspcId
80 ObservationFact BigDecimal observationSeq
81 ObservationFact String observationTypeCid
82 ObservationFact BigDecimal personAgeAtObs
83 ObservationFact Date startDts
84 ObservationFact String valueCid
85 ObservationFact BigDecimal valueNmpscId
86 ObservationFact BigDecimal valueNumber
87 ObservationFact String valueString
88 ObservationFact String valueTypeCd
89 ObservationFact String valueUnitsCid
90 ObservationFact BigDecimal valueUnitsNmspcId
91_PK ObservationFact long observationId
92_PK ObservationFact long datasetId
93 ObservationPeriod String personCompositeId
94 ObservationPeriod BigDecimal personId
95 ObservationPeriod Date obsPeriodEndDate
96 ObservationPeriod Date obsPeriodStartDate
97_PK ObservationPeriod long observationPeriodId
98_PK ObservationPeriod long datasetId
99 OrderFact BigDecimal datasourceNmspcId
100 OrderFact Date discontinueDts
101 OrderFact BigDecimal dummyNull
102 OrderFact BigDecimal duration
103 OrderFact String durationUnitsCid
104 OrderFact BigDecimal durationUnitsNmspcId
105 OrderFact BigDecimal encounterId
106 OrderFact String personCompositeId
107 OrderFact BigDecimal personId
108 OrderFact BigDecimal providerId
109 OrderFact BigDecimal specimenId
110 OrderFact Date orderDts
111 OrderFact String orderItemCid
112 OrderFact String orderItemFormCid
113 OrderFact BigDecimal orderItemFormNmspcId
114 OrderFact BigDecimal orderItemNmspcId
115 OrderFact BigDecimal orderItemQty
116 OrderFact String orderItemQtyUnitsCid
117 OrderFact BigDecimal orderItemQtyUnitsNmspcId
118 OrderFact String orderStatusCid
119 OrderFact BigDecimal orderStatusNmspcId
120 OrderFact String orderTypeCid
121 OrderFact BigDecimal orderTypeNmspcId
122 OrderFact String priorityCid
123 OrderFact BigDecimal priorityNmspcId
124 OrderFact String routeCid
125 OrderFact BigDecimal routeNmspcId
126 OrderFact String specimenSourceCid
127 OrderFact BigDecimal specimenSourceNmspcId
128 OrderFact String specimenTypeCid
129 OrderFact BigDecimal specimenTypeNmspcId
130 OrderFact Date startDts
131 OrderFact Date stopDts
132_PK OrderFact long orderId
133_PK OrderFact long datasetId
134 Person String personCompositeId
135 Person BigDecimal pedigreeQuality
136_PK Person long personId
137_PK Person long datasetId
138 PersonAssoc String associationCid
139 PersonAssoc BigDecimal personLsId
140 PersonAssoc BigDecimal personRsId
141_PK PersonAssoc long personAssocId
142_PK PersonAssoc long datasetId
143 PersonBirth BigDecimal birthDay
144 PersonBirth Date birthDt
145 PersonBirth BigDecimal birthMon
146 PersonBirth BigDecimal birthYr
147 PersonBirth BigDecimal datasourceNmspcId
148 PersonBirth String personCompositeId
149 PersonBirth BigDecimal personId
150 PersonBirth BigDecimal multipleBirthIndicator
151 PersonBirth BigDecimal multipleBirthOrderNumber
152_PK PersonBirth long personBirthId
153_PK PersonBirth long datasetId
154 PersonDeath String causeOfDeathCid
155 PersonDeath BigDecimal causeOfDeathNmspcId
156 PersonDeath BigDecimal datasourceNmspcId
157 PersonDeath BigDecimal deathDay
158 PersonDeath Date deathDt
159 PersonDeath BigDecimal deathMon
160 PersonDeath BigDecimal deathYr
161 PersonDeath String personCompositeId
162 PersonDeath BigDecimal personId
163_PK PersonDeath long personDeathId
164_PK PersonDeath long datasetId
165 PersonEducation BigDecimal datasourceNmspcId
166 PersonEducation String educationCid
167 PersonEducation BigDecimal educationNmspcId
168 PersonEducation String personCompositeId
169 PersonEducation BigDecimal personId
170_PK PersonEducation long personEducationId
171_PK PersonEducation long datasetId
172 PersonEthnicity BigDecimal datasourceNmspcId
173 PersonEthnicity String ethnicityCid
174 PersonEthnicity BigDecimal ethnicityNmspcId
175 PersonEthnicity String personCompositeId
176 PersonEthnicity BigDecimal personId
177_PK PersonEthnicity long personEthnicityId
178_PK PersonEthnicity long datasetId
179 PersonExtid BigDecimal datasourceNmspcId
180 PersonExtid String personCompositeId
181 PersonExtid BigDecimal personId
182 PersonExtid String idTypeCid
183 PersonExtid BigDecimal idTypeNmspcId
184 PersonExtid String idValue
185_PK PersonExtid long personExtidId
186_PK PersonExtid long datasetId
187 PersonGender String adminGenderCid
188 PersonGender BigDecimal adminGenderNmspcId
189 PersonGender BigDecimal datasourceNmspcId
190 PersonGender String personCompositeId
191 PersonGender BigDecimal personId
192_PK PersonGender long personGenderId
193_PK PersonGender long datasetId
194 PersonLanguage BigDecimal datasourceNmspcId
195 PersonLanguage String personCompositeId
196 PersonLanguage BigDecimal personId
197 PersonLanguage String languageCid
198 PersonLanguage BigDecimal languageNmspcId
199_PK PersonLanguage long personLanguageId
200_PK PersonLanguage long datasetId
201 PersonLctn BigDecimal locationId
202 PersonLctn BigDecimal personId
203 PersonLctn String personLctnCompositeId
204_PK PersonLctn long personLctnId
205_PK PersonLctn long datasetId
206 PersonMarital BigDecimal datasourceNmspcId
207 PersonMarital String personCompositeId
208 PersonMarital BigDecimal personId
209 PersonMarital String maritalCid
210 PersonMarital BigDecimal maritalNmspcId
211_PK PersonMarital long personMaritalId
212_PK PersonMarital long datasetId
213 PersonName BigDecimal datasourceNmspcId
214 PersonName String firstName
215 PersonName String personCompositeId
216 PersonName BigDecimal personId
217 PersonName String lastName
218 PersonName String maidenName
219 PersonName String middleName
220 PersonName String nameTypeCid
221 PersonName BigDecimal nameTypeNmspcId
222 PersonName String salutation
223 PersonName String suffix
224_PK PersonName long personNameId
225_PK PersonName long datasetId
226 PersonRace BigDecimal datasourceNmspcId
227 PersonRace String personCompositeId
228 PersonRace BigDecimal personId
229 PersonRace String raceCid
230 PersonRace BigDecimal raceNmspcId
231_PK PersonRace long personRaceId
232_PK PersonRace long datasetId
233 PersonReligion BigDecimal datasourceNmspcId
234 PersonReligion String personCompositeId
235 PersonReligion BigDecimal personId
236 PersonReligion String religionCid
237 PersonReligion BigDecimal religionNmspcId
238_PK PersonReligion long personReligionId
239_PK PersonReligion long datasetId
240 PersonVital BigDecimal datasourceNmspcId
241 PersonVital String personCompositeId
242 PersonVital BigDecimal personId
243 PersonVital String vitalCid
244 PersonVital BigDecimal vitalNmspcId
245_PK PersonVital long personVitalId
246_PK PersonVital long datasetId
247 ProcedureOccurrence BigDecimal datasourceNmspcId
248 ProcedureOccurrence BigDecimal encounterId
249 ProcedureOccurrence String personCompositeId
250 ProcedureOccurrence BigDecimal personId
251 ProcedureOccurrence BigDecimal providerId
252 ProcedureOccurrence String procedureCid
253 ProcedureOccurrence BigDecimal procedureDay
254 ProcedureOccurrence Date procedureDts
255 ProcedureOccurrence BigDecimal procedureMon
256 ProcedureOccurrence BigDecimal procedureNamespaceId
257 ProcedureOccurrence String procedureTypeCid
258 ProcedureOccurrence BigDecimal procedureYr
259 ProcedureOccurrence BigDecimal relevantCondNmspcId
260 ProcedureOccurrence String relevantConditionCid
261_PK ProcedureOccurrence long procedureId
262_PK ProcedureOccurrence long datasetId
263 Protocol BigDecimal datasourceNmspcId
264 Protocol String irbNum
265 Protocol String piName
266 Protocol String sampleSteward
267 Protocol String typeCid
268 Protocol BigDecimal typeNmspcId
269_PK Protocol String protocolId
270_PK Protocol long datasetId
271 ProtocolConsent String answer
272 ProtocolConsent BigDecimal datasourceNmspcId
273 ProtocolConsent String protocolId
274 ProtocolConsent String localCode
275 ProtocolConsent BigDecimal question
276 ProtocolConsent String rpmsCode
277_PK ProtocolConsent long protocolConsentId
278_PK ProtocolConsent long datasetId
279 ProtocolDx String codeCid
280 ProtocolDx BigDecimal codeNmspcId
281 ProtocolDx BigDecimal datasourceNmspcId
282 ProtocolDx String protocolId
283_PK ProtocolDx long protocolDxId
284_PK ProtocolDx long datasetId
285 Provider Date endDts
286 Provider String personCompositeId
287 Provider BigDecimal personId
288 Provider String providerName
289 Provider String specialtyCid
290 Provider String specialtyModCid
291 Provider BigDecimal specialtyModNmspcId
292 Provider BigDecimal specialtyNmspcId
293 Provider Date startDts
294_PK Provider long providerId
295_PK Provider long datasetId
296 SchemaVersion String versionId
297 SchemaVersion Date versionDt
298 Specimen BigDecimal amount
299 Specimen String amountUomCid
300 Specimen BigDecimal amountUomNmspcId
301 Specimen String bodysiteCid
302 Specimen BigDecimal bodysiteNmspcId
303 Specimen String categoryCid
304 Specimen BigDecimal categoryNmspcId
305 Specimen BigDecimal conc
306 Specimen String concUomCid
307 Specimen BigDecimal concUomNmspcId
308 Specimen BigDecimal datasourceNmspcId
309 Specimen String personCompositeId
310 Specimen BigDecimal personId
311 Specimen String protocolId
312 Specimen BigDecimal specimenGid
313 Specimen String lineagetype
314 Specimen BigDecimal parentSpecimenId
315 Specimen String pathDx
316 Specimen String pathReport
317 Specimen String qualifierCid
318 Specimen BigDecimal qualifierNmspcId
319 Specimen String specimenBarcode
320 Specimen String specimenName
321 Specimen String statusCid
322 Specimen BigDecimal statusNmspcId
323 Specimen BigDecimal storagePath
324 Specimen String typeCid
325 Specimen BigDecimal typeNmspcId
326_PK Specimen long specimenId
327_PK Specimen long datasetId
328 SpecimenEvent BigDecimal datasourceNmspcId
329 SpecimenEvent Date eventDt
330 SpecimenEvent BigDecimal specimenId
331 SpecimenEvent String typeCid
332 SpecimenEvent BigDecimal typeNmspcId
333_PK SpecimenEvent long specimenEventId
334_PK SpecimenEvent long datasetId
335 SpecimenExtid BigDecimal datasourceNmspcId
336 SpecimenExtid BigDecimal specimenId
337 SpecimenExtid String idValue
338 SpecimenExtid String typeCid
339 SpecimenExtid BigDecimal typeNmspcId
340_PK SpecimenExtid long specimenExtId
341_PK SpecimenExtid long datasetId
# END JAVA FIELDS 2015-05-06 09:49:18.174000 #
